[1126/223434.040:ERROR:directory_reader_win.cc(43)] FindFirstFile: The system cannot find the path specified. (0x3)
[1202/124841.587:ERROR:process_memory_win.cc(73)] ReadMemory at 0x2bb81dc3330 of 32 bytes failed: Only part of a ReadProcessMemory or WriteProcessMemory request was completed. (0x12B)
[1202/124841.589:WARNING:pe_image_annotations_reader.cc(147)] could not read annotation at index 5 in C:\Program Files\Google\Chrome\Application\87.0.4280.66\chrome.dll
[1202/124841.589:ERROR:process_memory_win.cc(73)] ReadMemory at 0x2bb80010000 of 64 bytes failed: Only part of a ReadProcessMemory or WriteProcessMemory request was completed. (0x12B)
[1202/124841.589:WARNING:pe_image_reader.cc(340)] could not read dos header from C:\windows\System32\combase.dll
[1202/124841.595:ERROR:process_memory_win.cc(73)] ReadMemory at 0x2bbf89de2f0 of 72 bytes failed: Only part of a ReadProcessMemory or WriteProcessMemory request was completed. (0x12B)
[1202/124841.595:WARNING:pe_image_annotations_reader.cc(135)] could not read annotations list object in C:\Program Files\Google\Chrome\Application\87.0.4280.66\chrome_elf.dll
[1202/124841.595:ERROR:process_memory_win.cc(73)] ReadMemory at 0x2bbf8a14860 of 72 bytes failed: Only part of a ReadProcessMemory or WriteProcessMemory request was completed. (0x12B)
[1202/124841.595:WARNING:pe_image_annotations_reader.cc(135)] could not read annotations list object in C:\Program Files\Google\Chrome\Application\87.0.4280.66\chrome.dll
[1202/124841.595:ERROR:process_memory_win.cc(73)] ReadMemory at 0x2bb80010000 of 64 bytes failed: Only part of a ReadProcessMemory or WriteProcessMemory request was completed. (0x12B)
[1202/124841.595:WARNING:pe_image_reader.cc(340)] could not read dos header from C:\windows\System32\combase.dll
[1202/124841.595:ERROR:process_memory_win.cc(73)] ReadMemory at 0x2bbf89de2f0 of 72 bytes failed: Only part of a ReadProcessMemory or WriteProcessMemory request was completed. (0x12B)
[1202/124841.595:WARNING:pe_image_annotations_reader.cc(135)] could not read annotations list object in C:\Program Files\Google\Chrome\Application\87.0.4280.66\chrome_elf.dll
[1202/124841.595:ERROR:process_memory_win.cc(73)] ReadMemory at 0x2bbf8a14860 of 72 bytes failed: Only part of a ReadProcessMemory or WriteProcessMemory request was completed. (0x12B)
[1202/124841.595:WARNING:pe_image_annotations_reader.cc(135)] could not read annotations list object in C:\Program Files\Google\Chrome\Application\87.0.4280.66\chrome.dll
[1202/124841.595:ERROR:process_memory_win.cc(73)] ReadMemory at 0x2bb80010000 of 64 bytes failed: Only part of a ReadProcessMemory or WriteProcessMemory request was completed. (0x12B)
[1202/124841.595:WARNING:pe_image_reader.cc(340)] could not read dos header from C:\windows\System32\combase.dll
[1202/124841.606:ERROR:process_memory_win.cc(73)] ReadMemory at 0xf1d23d8000 of 163840 bytes failed: Only part of a ReadProcessMemory or WriteProcessMemory request was completed. (0x12B)
[1202/124841.607:ERROR:process_memory_win.cc(73)] ReadMemory at 0xf1d2bfe000 of 8192 bytes failed: Only part of a ReadProcessMemory or WriteProcessMemory request was completed. (0x12B)
[1202/124841.607:ERROR:process_memory_win.cc(73)] ReadMemory at 0xf1d33fc000 of 16384 bytes failed: Only part of a ReadProcessMemory or WriteProcessMemory request was completed. (0x12B)
[1202/124841.607:ERROR:process_memory_win.cc(73)] ReadMemory at 0xf1d3bfe000 of 8192 bytes failed: Only part of a ReadProcessMemory or WriteProcessMemory request was completed. (0x12B)
[1202/124841.607:ERROR:process_memory_win.cc(73)] ReadMemory at 0xf1d43fc000 of 16384 bytes failed: Only part of a ReadProcessMemory or WriteProcessMemory request was completed. (0x12B)
[1202/124841.607:ERROR:process_memory_win.cc(73)] ReadMemory at 0xf1d4bff000 of 4096 bytes failed: Only part of a ReadProcessMemory or WriteProcessMemory request was completed. (0x12B)
[1202/124841.607:ERROR:process_memory_win.cc(73)] ReadMemory at 0xf1d53fe000 of 8192 bytes failed: Only part of a ReadProcessMemory or WriteProcessMemory request was completed. (0x12B)
[1202/124841.607:ERROR:process_memory_win.cc(73)] ReadMemory at 0xf1d5bfd000 of 12288 bytes failed: Only part of a ReadProcessMemory or WriteProcessMemory request was completed. (0x12B)
[1202/124841.607:ERROR:process_memory_win.cc(73)] ReadMemory at 0xf1d63fc000 of 16384 bytes failed: Only part of a ReadProcessMemory or WriteProcessMemory request was completed. (0x12B)
[1202/124841.607:ERROR:process_memory_win.cc(73)] ReadMemory at 0xf1d6bfb000 of 20480 bytes failed: Only part of a ReadProcessMemory or WriteProcessMemory request was completed. (0x12B)
[1202/124841.607:ERROR:process_memory_win.cc(73)] ReadMemory at 0xf1d73fd000 of 12288 bytes failed: Only part of a ReadProcessMemory or WriteProcessMemory request was completed. (0x12B)
[1202/124841.607:ERROR:process_memory_win.cc(73)] ReadMemory at 0xf1d7bfc000 of 16384 bytes failed: Only part of a ReadProcessMemory or WriteProcessMemory request was completed. (0x12B)
[1202/124841.607:ERROR:process_memory_win.cc(73)] ReadMemory at 0xf1d83fe000 of 8192 bytes failed: Only part of a ReadProcessMemory or WriteProcessMemory request was completed. (0x12B)
[1202/124841.607:ERROR:process_memory_win.cc(73)] ReadMemory at 0xf1d8bfe000 of 8192 bytes failed: Only part of a ReadProcessMemory or WriteProcessMemory request was completed. (0x12B)
[1202/124841.608:ERROR:process_memory_win.cc(73)] ReadMemory at 0xf1d93fc000 of 16384 bytes failed: Only part of a ReadProcessMemory or WriteProcessMemory request was completed. (0x12B)
[1202/124841.608:ERROR:process_memory_win.cc(73)] ReadMemory at 0xf1d1b50000 of 852 bytes failed: Only part of a ReadProcessMemory or WriteProcessMemory request was completed. (0x12B)
[1202/124841.608:ERROR:process_memory_win.cc(73)] ReadMemory at 0xf1d1b51000 of 6024 bytes failed: Only part of a ReadProcessMemory or WriteProcessMemory request was completed. (0x12B)
[1202/124841.608:ERROR:process_memory_win.cc(73)] ReadMemory at 0xf1d1b53000 of 6024 bytes failed: Only part of a ReadProcessMemory or WriteProcessMemory request was completed. (0x12B)
[1202/124841.608:ERROR:process_memory_win.cc(73)] ReadMemory at 0xf1d1b55000 of 6024 bytes failed: Only part of a ReadProcessMemory or WriteProcessMemory request was completed. (0x12B)
[1202/124841.608:ERROR:process_memory_win.cc(73)] ReadMemory at 0xf1d1b57000 of 6024 bytes failed: Only part of a ReadProcessMemory or WriteProcessMemory request was completed. (0x12B)
[1202/124841.608:ERROR:process_memory_win.cc(73)] ReadMemory at 0xf1d1b59000 of 6024 bytes failed: Only part of a ReadProcessMemory or WriteProcessMemory request was completed. (0x12B)
[1202/124841.608:ERROR:process_memory_win.cc(73)] ReadMemory at 0xf1d1b5b000 of 6024 bytes failed: Only part of a ReadProcessMemory or WriteProcessMemory request was completed. (0x12B)
[1202/124841.608:ERROR:process_memory_win.cc(73)] ReadMemory at 0xf1d1b5d000 of 6024 bytes failed: Only part of a ReadProcessMemory or WriteProcessMemory request was completed. (0x12B)
[1202/124841.608:ERROR:process_memory_win.cc(73)] ReadMemory at 0xf1d1b5f000 of 6024 bytes failed: Only part of a ReadProcessMemory or WriteProcessMemory request was completed. (0x12B)
[1202/124841.609:ERROR:process_memory_win.cc(73)] ReadMemory at 0xf1d1b61000 of 6024 bytes failed: Only part of a ReadProcessMemory or WriteProcessMemory request was completed. (0x12B)
[1202/124841.609:ERROR:process_memory_win.cc(73)] ReadMemory at 0xf1d1b63000 of 6024 bytes failed: Only part of a ReadProcessMemory or WriteProcessMemory request was completed. (0x12B)
[1202/124841.609:ERROR:process_memory_win.cc(73)] ReadMemory at 0xf1d1b65000 of 6024 bytes failed: Only part of a ReadProcessMemory or WriteProcessMemory request was completed. (0x12B)
[1202/124841.609:ERROR:process_memory_win.cc(73)] ReadMemory at 0xf1d1b67000 of 6024 bytes failed: Only part of a ReadProcessMemory or WriteProcessMemory request was completed. (0x12B)
[1202/124841.609:ERROR:process_memory_win.cc(73)] ReadMemory at 0xf1d1b69000 of 6024 bytes failed: Only part of a ReadProcessMemory or WriteProcessMemory request was completed. (0x12B)
[1202/124841.609:ERROR:process_memory_win.cc(73)] ReadMemory at 0xf1d1b6b000 of 6024 bytes failed: Only part of a ReadProcessMemory or WriteProcessMemory request was completed. (0x12B)
[1202/124841.609:ERROR:process_memory_win.cc(73)] ReadMemory at 0xf1d1b6d000 of 6024 bytes failed: Only part of a ReadProcessMemory or WriteProcessMemory request was completed. (0x12B)
[1202/124841.609:ERROR:process_memory_win.cc(73)] ReadMemory at 0x2bb8198f9d0 of 512 bytes failed: Only part of a ReadProcessMemory or WriteProcessMemory request was completed. (0x12B)
[1202/124841.609:ERROR:process_memory_win.cc(73)] ReadMemory at 0x2bb8198fd90 of 512 bytes failed: Only part of a ReadProcessMemory or WriteProcessMemory request was completed. (0x12B)
[1202/124841.609:ERROR:process_memory_win.cc(73)] ReadMemory at 0x2bb81c3f0c0 of 512 bytes failed: Only part of a ReadProcessMemory or WriteProcessMemory request was completed. (0x12B)
[1202/124841.609:ERROR:process_memory_win.cc(73)] ReadMemory at 0x2bb81c6d580 of 512 bytes failed: Only part of a ReadProcessMemory or WriteProcessMemory request was completed. (0x12B)
[1202/124841.609:ERROR:process_memory_win.cc(73)] ReadMemory at 0x2bb81ca20f0 of 512 bytes failed: Only part of a ReadProcessMemory or WriteProcessMemory request was completed. (0x12B)
[1202/124841.609:ERROR:process_memory_win.cc(73)] ReadMemory at 0x2bb81d863f0 of 512 bytes failed: Only part of a ReadProcessMemory or WriteProcessMemory request was completed. (0x12B)
[1202/124841.609:ERROR:process_memory_win.cc(73)] ReadMemory at 0x2bb82fb7790 of 512 bytes failed: Only part of a ReadProcessMemory or WriteProcessMemory request was completed. (0x12B)
[1202/124841.609:ERROR:process_memory_win.cc(73)] ReadMemory at 0x2bb83082d00 of 512 bytes failed: Only part of a ReadProcessMemory or WriteProcessMemory request was completed. (0x12B)
[1202/124841.610:ERROR:process_memory_win.cc(73)] ReadMemory at 0x2bb83106160 of 512 bytes failed: Only part of a ReadProcessMemory or WriteProcessMemory request was completed. (0x12B)
[1202/124841.610:ERROR:process_memory_win.cc(73)] ReadMemory at 0x2bb836f4b28 of 512 bytes failed: Only part of a ReadProcessMemory or WriteProcessMemory request was completed. (0x12B)
[1202/124841.610:ERROR:process_memory_win.cc(73)] ReadMemory at 0x2bbf89d0fe0 of 5466 bytes failed: Only part of a ReadProcessMemory or WriteProcessMemory request was completed. (0x12B)
[1202/124841.610:ERROR:process_memory_win.cc(73)] ReadMemory at 0x2bbf89d2550 of 1012 bytes failed: Only part of a ReadProcessMemory or WriteProcessMemory request was completed. (0x12B)
[1202/124841.610:ERROR:process_memory_win.cc(73)] ReadMemory at 0x2bbf89d2b98 of 106 bytes failed: Only part of a ReadProcessMemory or WriteProcessMemory request was completed. (0x12B)
[1202/124841.610:ERROR:process_memory_win.cc(73)] ReadMemory at 0x2bbf89d2c04 of 744 bytes failed: Only part of a ReadProcessMemory or WriteProcessMemory request was completed. (0x12B)
[1202/124841.611:ERROR:process_memory_win.cc(73)] ReadMemory at 0x2bbf89d2eee of 106 bytes failed: Only part of a ReadProcessMemory or WriteProcessMemory request was completed. (0x12B)
[1202/124841.611:ERROR:process_memory_win.cc(73)] ReadMemory at 0x2bbf89d2f5a of 100 bytes failed: Only part of a ReadProcessMemory or WriteProcessMemory request was completed. (0x12B)
[1202/124841.611:ERROR:process_memory_win.cc(73)] ReadMemory at 0x2bbf89d2fd0 of 58 bytes failed: Only part of a ReadProcessMemory or WriteProcessMemory request was completed. (0x12B)
[1202/124841.611:ERROR:process_memory_win.cc(73)] ReadMemory at 0x2bbf89d30d0 of 132 bytes failed: Only part of a ReadProcessMemory or WriteProcessMemory request was completed. (0x12B)
[1202/124841.611:ERROR:process_memory_win.cc(73)] ReadMemory at 0x2bbf89d3260 of 132 bytes failed: Only part of a ReadProcessMemory or WriteProcessMemory request was completed. (0x12B)
[1202/124841.611:ERROR:process_memory_win.cc(73)] ReadMemory at 0x2bbf89d3420 of 112 bytes failed: Only part of a ReadProcessMemory or WriteProcessMemory request was completed. (0x12B)
[1202/124841.611:ERROR:process_memory_win.cc(73)] ReadMemory at 0x2bbf89d3920 of 132 bytes failed: Only part of a ReadProcessMemory or WriteProcessMemory request was completed. (0x12B)
[1202/124841.611:ERROR:process_memory_win.cc(73)] ReadMemory at 0x2bbf89d3ab0 of 64 bytes failed: Only part of a ReadProcessMemory or WriteProcessMemory request was completed. (0x12B)
[1202/124841.611:ERROR:process_memory_win.cc(73)] ReadMemory at 0x2bbf89d3c60 of 132 bytes failed: Only part of a ReadProcessMemory or WriteProcessMemory request was completed. (0x12B)
[1202/124841.611:ERROR:process_memory_win.cc(73)] ReadMemory at 0x2bbf89d3f30 of 132 bytes failed: Only part of a ReadProcessMemory or WriteProcessMemory request was completed. (0x12B)
[1202/124841.611:ERROR:process_memory_win.cc(73)] ReadMemory at 0x2bbf89d40c0 of 68 bytes failed: Only part of a ReadProcessMemory or WriteProcessMemory request was completed. (0x12B)
[1202/124841.611:ERROR:process_memory_win.cc(73)] ReadMemory at 0x2bbf89d5180 of 132 bytes failed: Only part of a ReadProcessMemory or WriteProcessMemory request was completed. (0x12B)
[1202/124841.611:ERROR:process_memory_win.cc(73)] ReadMemory at 0x2bbf89d52b0 of 140 bytes failed: Only part of a ReadProcessMemory or WriteProcessMemory request was completed. (0x12B)
[1202/124841.611:ERROR:process_memory_win.cc(73)] ReadMemory at 0x2bbf89d5fb0 of 62 bytes failed: Only part of a ReadProcessMemory or WriteProcessMemory request was completed. (0x12B)
[1202/124841.611:ERROR:process_memory_win.cc(73)] ReadMemory at 0x2bbf89d6110 of 132 bytes failed: Only part of a ReadProcessMemory or WriteProcessMemory request was completed. (0x12B)
[1202/124841.611:ERROR:process_memory_win.cc(73)] ReadMemory at 0x2bbf89d62a0 of 60 bytes failed: Only part of a ReadProcessMemory or WriteProcessMemory request was completed. (0x12B)
[1202/124841.611:ERROR:process_memory_win.cc(73)] ReadMemory at 0x2bbf89de020 of 62 bytes failed: Only part of a ReadProcessMemory or WriteProcessMemory request was completed. (0x12B)
[1202/124841.611:ERROR:process_memory_win.cc(73)] ReadMemory at 0x2bbf89de070 of 64 bytes failed: Only part of a ReadProcessMemory or WriteProcessMemory request was completed. (0x12B)
[1202/124841.611:ERROR:process_memory_win.cc(73)] ReadMemory at 0x2bbf89de160 of 62 bytes failed: Only part of a ReadProcessMemory or WriteProcessMemory request was completed. (0x12B)
[1202/124841.611:ERROR:process_memory_win.cc(73)] ReadMemory at 0x2bbf89de250 of 64 bytes failed: Only part of a ReadProcessMemory or WriteProcessMemory request was completed. (0x12B)
[1202/124841.611:ERROR:process_memory_win.cc(73)] ReadMemory at 0x2bbf89de2a0 of 64 bytes failed: Only part of a ReadProcessMemory or WriteProcessMemory request was completed. (0x12B)
[1202/124841.611:ERROR:process_memory_win.cc(73)] ReadMemory at 0x2bbf89de340 of 62 bytes failed: Only part of a ReadProcessMemory or WriteProcessMemory request was completed. (0x12B)
[1202/124841.611:ERROR:process_memory_win.cc(73)] ReadMemory at 0x2bbf89de3e0 of 58 bytes failed: Only part of a ReadProcessMemory or WriteProcessMemory request was completed. (0x12B)
[1202/124841.611:ERROR:process_memory_win.cc(73)] ReadMemory at 0x2bbf89de430 of 62 bytes failed: Only part of a ReadProcessMemory or WriteProcessMemory request was completed. (0x12B)
[1202/124841.611:ERROR:process_memory_win.cc(73)] ReadMemory at 0x2bbf89de660 of 62 bytes failed: Only part of a ReadProcessMemory or WriteProcessMemory request was completed. (0x12B)
[1202/124841.611:ERROR:process_memory_win.cc(73)] ReadMemory at 0x2bbf89de6b0 of 60 bytes failed: Only part of a ReadProcessMemory or WriteProcessMemory request was completed. (0x12B)
[1202/124841.611:ERROR:process_memory_win.cc(73)] ReadMemory at 0x2bbf89e3420 of 132 bytes failed: Only part of a ReadProcessMemory or WriteProcessMemory request was completed. (0x12B)
[1202/124841.611:ERROR:process_memory_win.cc(73)] ReadMemory at 0x2bbf89e4b10 of 132 bytes failed: Only part of a ReadProcessMemory or WriteProcessMemory request was completed. (0x12B)
[1202/124841.611:ERROR:process_memory_win.cc(73)] ReadMemory at 0x2bbf89e67b0 of 132 bytes failed: Only part of a ReadProcessMemory or WriteProcessMemory request was completed. (0x12B)
[1202/124841.612:ERROR:process_memory_win.cc(73)] ReadMemory at 0x2bbf89e68e0 of 132 bytes failed: Only part of a ReadProcessMemory or WriteProcessMemory request was completed. (0x12B)
[1202/124841.612:ERROR:process_memory_win.cc(73)] ReadMemory at 0x2bbf89e6c30 of 132 bytes failed: Only part of a ReadProcessMemory or WriteProcessMemory request was completed. (0x12B)
[1202/124841.612:ERROR:process_memory_win.cc(73)] ReadMemory at 0x2bbf89e6e90 of 132 bytes failed: Only part of a ReadProcessMemory or WriteProcessMemory request was completed. (0x12B)
[1202/124841.612:ERROR:process_memory_win.cc(73)] ReadMemory at 0x2bbf89e6fc0 of 132 bytes failed: Only part of a ReadProcessMemory or WriteProcessMemory request was completed. (0x12B)
[1202/124841.612:ERROR:process_memory_win.cc(73)] ReadMemory at 0x2bbf89e70f0 of 132 bytes failed: Only part of a ReadProcessMemory or WriteProcessMemory request was completed. (0x12B)
[1202/124841.612:ERROR:process_memory_win.cc(73)] ReadMemory at 0x2bbf89e7220 of 132 bytes failed: Only part of a ReadProcessMemory or WriteProcessMemory request was completed. (0x12B)
[1202/124841.612:ERROR:process_memory_win.cc(73)] ReadMemory at 0x2bbf89e7350 of 132 bytes failed: Only part of a ReadProcessMemory or WriteProcessMemory request was completed. (0x12B)
[1202/124841.612:ERROR:process_memory_win.cc(73)] ReadMemory at 0x2bbf89e7480 of 132 bytes failed: Only part of a ReadProcessMemory or WriteProcessMemory request was completed. (0x12B)
[1202/124841.612:ERROR:process_memory_win.cc(73)] ReadMemory at 0x2bbf89e75b0 of 132 bytes failed: Only part of a ReadProcessMemory or WriteProcessMemory request was completed. (0x12B)
[1202/124841.612:ERROR:process_memory_win.cc(73)] ReadMemory at 0x2bbf89e76e0 of 132 bytes failed: Only part of a ReadProcessMemory or WriteProcessMemory request was completed. (0x12B)
[1202/124841.612:ERROR:process_memory_win.cc(73)] ReadMemory at 0x2bbf89e7810 of 132 bytes failed: Only part of a ReadProcessMemory or WriteProcessMemory request was completed. (0x12B)
[1202/124841.613:ERROR:process_memory_win.cc(73)] ReadMemory at 0x2bbf89e7940 of 132 bytes failed: Only part of a ReadProcessMemory or WriteProcessMemory request was completed. (0x12B)
[1202/124841.613:ERROR:process_memory_win.cc(73)] ReadMemory at 0x2bbf89e7a70 of 132 bytes failed: Only part of a ReadProcessMemory or WriteProcessMemory request was completed. (0x12B)
[1202/124841.613:ERROR:process_memory_win.cc(73)] ReadMemory at 0x2bbf89e7ba0 of 132 bytes failed: Only part of a ReadProcessMemory or WriteProcessMemory request was completed. (0x12B)
[1202/124841.613:ERROR:process_memory_win.cc(73)] ReadMemory at 0x2bbf89e7cd0 of 132 bytes failed: Only part of a ReadProcessMemory or WriteProcessMemory request was completed. (0x12B)
[1202/124841.613:ERROR:process_memory_win.cc(73)] ReadMemory at 0x2bbf89e80d0 of 132 bytes failed: Only part of a ReadProcessMemory or WriteProcessMemory request was completed. (0x12B)
[1202/124841.613:ERROR:process_memory_win.cc(73)] ReadMemory at 0x2bbf89e8200 of 132 bytes failed: Only part of a ReadProcessMemory or WriteProcessMemory request was completed. (0x12B)
[1202/124841.613:ERROR:process_memory_win.cc(73)] ReadMemory at 0x2bbf89e8330 of 132 bytes failed: Only part of a ReadProcessMemory or WriteProcessMemory request was completed. (0x12B)
[1202/124841.613:ERROR:process_memory_win.cc(73)] ReadMemory at 0x2bbf89e85b0 of 64 bytes failed: Only part of a ReadProcessMemory or WriteProcessMemory request was completed. (0x12B)
[1202/124841.613:ERROR:process_memory_win.cc(73)] ReadMemory at 0x2bbf89e86a0 of 62 bytes failed: Only part of a ReadProcessMemory or WriteProcessMemory request was completed. (0x12B)
[1202/124841.613:ERROR:process_memory_win.cc(73)] ReadMemory at 0x2bbf89e8790 of 60 bytes failed: Only part of a ReadProcessMemory or WriteProcessMemory request was completed. (0x12B)
[1202/124841.613:ERROR:process_memory_win.cc(73)] ReadMemory at 0x2bbf89e87e0 of 64 bytes failed: Only part of a ReadProcessMemory or WriteProcessMemory request was completed. (0x12B)
[1202/124841.613:ERROR:process_memory_win.cc(73)] ReadMemory at 0x2bbf89e8880 of 62 bytes failed: Only part of a ReadProcessMemory or WriteProcessMemory request was completed. (0x12B)
[1202/124841.614:ERROR:process_memory_win.cc(73)] ReadMemory at 0x2bbf89e8920 of 60 bytes failed: Only part of a ReadProcessMemory or WriteProcessMemory request was completed. (0x12B)
[1202/124841.614:ERROR:process_memory_win.cc(73)] ReadMemory at 0x2bbf89e89c0 of 64 bytes failed: Only part of a ReadProcessMemory or WriteProcessMemory request was completed. (0x12B)
[1202/124841.614:ERROR:process_memory_win.cc(73)] ReadMemory at 0x2bbf89e8ba0 of 66 bytes failed: Only part of a ReadProcessMemory or WriteProcessMemory request was completed. (0x12B)
[1202/124841.614:ERROR:process_memory_win.cc(73)] ReadMemory at 0x2bbf89e8bf0 of 64 bytes failed: Only part of a ReadProcessMemory or WriteProcessMemory request was completed. (0x12B)
[1202/124841.614:ERROR:process_memory_win.cc(73)] ReadMemory at 0x2bbf89eea70 of 132 bytes failed: Only part of a ReadProcessMemory or WriteProcessMemory request was completed. (0x12B)
[1202/124841.614:ERROR:process_memory_win.cc(73)] ReadMemory at 0x2bbf89eeba0 of 132 bytes failed: Only part of a ReadProcessMemory or WriteProcessMemory request was completed. (0x12B)
[1202/124841.614:ERROR:process_memory_win.cc(73)] ReadMemory at 0x2bbf89f1290 of 80 bytes failed: Only part of a ReadProcessMemory or WriteProcessMemory request was completed. (0x12B)
[1202/124841.614:ERROR:process_memory_win.cc(73)] ReadMemory at 0x2bbf89f2070 of 80 bytes failed: Only part of a ReadProcessMemory or WriteProcessMemory request was completed. (0x12B)
[1202/124841.614:ERROR:process_memory_win.cc(73)] ReadMemory at 0x2bbf89f4530 of 132 bytes failed: Only part of a ReadProcessMemory or WriteProcessMemory request was completed. (0x12B)
[1202/124841.614:ERROR:process_memory_win.cc(73)] ReadMemory at 0x2bbf89f5370 of 132 bytes failed: Only part of a ReadProcessMemory or WriteProcessMemory request was completed. (0x12B)
[1202/124841.614:ERROR:process_memory_win.cc(73)] ReadMemory at 0x2bbf89f5f50 of 132 bytes failed: Only part of a ReadProcessMemory or WriteProcessMemory request was completed. (0x12B)
[1202/124841.614:ERROR:process_memory_win.cc(73)] ReadMemory at 0x2bbf89f6ac0 of 62 bytes failed: Only part of a ReadProcessMemory or WriteProcessMemory request was completed. (0x12B)
[1202/124841.614:ERROR:process_memory_win.cc(73)] ReadMemory at 0x2bbf89f6c50 of 62 bytes failed: Only part of a ReadProcessMemory or WriteProcessMemory request was completed. (0x12B)
[1202/124841.614:ERROR:process_memory_win.cc(73)] ReadMemory at 0x2bbf89f72e0 of 60 bytes failed: Only part of a ReadProcessMemory or WriteProcessMemory request was completed. (0x12B)
[1202/124841.614:ERROR:process_memory_win.cc(73)] ReadMemory at 0x2bbf8a49ea0 of 512 bytes failed: Only part of a ReadProcessMemory or WriteProcessMemory request was completed. (0x12B)
[1202/124841.614:ERROR:process_memory_win.cc(73)] ReadMemory at 0x2bbf8a4b120 of 512 bytes failed: Only part of a ReadProcessMemory or WriteProcessMemory request was completed. (0x12B)
[1202/124841.614:ERROR:process_memory_win.cc(73)] ReadMemory at 0x2bbf8a4b720 of 512 bytes failed: Only part of a ReadProcessMemory or WriteProcessMemory request was completed. (0x12B)
[1202/124841.614:ERROR:process_memory_win.cc(73)] ReadMemory at 0x2bbf8a5cfe0 of 512 bytes failed: Only part of a ReadProcessMemory or WriteProcessMemory request was completed. (0x12B)
[1202/124841.614:ERROR:process_memory_win.cc(73)] ReadMemory at 0x2bbf8a61100 of 712 bytes failed: Only part of a ReadProcessMemory or WriteProcessMemory request was completed. (0x12B)
[1202/124841.614:ERROR:process_memory_win.cc(73)] ReadMemory at 0x2bbf8a9d208 of 512 bytes failed: Only part of a ReadProcessMemory or WriteProcessMemory request was completed. (0x12B)
[1202/124841.614:ERROR:process_memory_win.cc(73)] ReadMemory at 0x2bbf8aa3910 of 512 bytes failed: Only part of a ReadProcessMemory or WriteProcessMemory request was completed. (0x12B)
[1202/124841.614:ERROR:process_memory_win.cc(73)] ReadMemory at 0x2bbf8aa3d00 of 560 bytes failed: Only part of a ReadProcessMemory or WriteProcessMemory request was completed. (0x12B)
[1202/124841.614:ERROR:process_memory_win.cc(73)] ReadMemory at 0x2bbf8aa4b00 of 512 bytes failed: Only part of a ReadProcessMemory or WriteProcessMemory request was completed. (0x12B)
[1202/124841.614:ERROR:process_memory_win.cc(73)] ReadMemory at 0x2bbf8aa8840 of 512 bytes failed: Only part of a ReadProcessMemory or WriteProcessMemory request was completed. (0x12B)
[1202/124841.614:ERROR:process_memory_win.cc(73)] ReadMemory at 0x2bbf8ba0000 of 384 bytes failed: Only part of a ReadProcessMemory or WriteProcessMemory request was completed. (0x12B)
[1202/124841.614:ERROR:process_memory_win.cc(73)] ReadMemory at 0x2bbf8ba02e8 of 512 bytes failed: Only part of a ReadProcessMemory or WriteProcessMemory request was completed. (0x12B)
[1202/124841.614:ERROR:process_memory_win.cc(73)] ReadMemory at 0x2bbf8bc1000 of 512 bytes failed: Only part of a ReadProcessMemory or WriteProcessMemory request was completed. (0x12B)
[1202/124841.614:ERROR:process_memory_win.cc(73)] ReadMemory at 0x1bf8abd035d0 of 512 bytes failed: Only part of a ReadProcessMemory or WriteProcessMemory request was completed. (0x12B)
[1202/124841.614:ERROR:process_memory_win.cc(73)] ReadMemory at 0x54a2c74fa9d8 of 512 bytes failed: Only part of a ReadProcessMemory or WriteProcessMemory request was completed. (0x12B)
[1202/124841.614:ERROR:process_memory_win.cc(73)] ReadMemory at 0x5f6d0969a600 of 516 bytes failed: Only part of a ReadProcessMemory or WriteProcessMemory request was completed. (0x12B)
[1202/124841.614:ERROR:process_memory_win.cc(73)] ReadMemory at 0x6e922c349548 of 512 bytes failed: Only part of a ReadProcessMemory or WriteProcessMemory request was completed. (0x12B)
[1202/124841.614:ERROR:process_memory_win.cc(73)] ReadMemory at 0x7ffee21fd4f7 of 512 bytes failed: Only part of a ReadProcessMemory or WriteProcessMemory request was completed. (0x12B)
[1202/124841.614:ERROR:process_memory_win.cc(73)] ReadMemory at 0x7ffee56a39b0 of 512 bytes failed: Only part of a ReadProcessMemory or WriteProcessMemory request was completed. (0x12B)
[1202/124841.614:ERROR:process_memory_win.cc(73)] ReadMemory at 0x7fff372cab88 of 512 bytes failed: Only part of a ReadProcessMemory or WriteProcessMemory request was completed. (0x12B)
[1202/124841.614:ERROR:process_memory_win.cc(73)] ReadMemory at 0x7fff4f123dc9 of 512 bytes failed: Only part of a ReadProcessMemory or WriteProcessMemory request was completed. (0x12B)
[1202/124841.614:ERROR:process_memory_win.cc(73)] ReadMemory at 0x7fff4f38d738 of 512 bytes failed: Only part of a ReadProcessMemory or WriteProcessMemory request was completed. (0x12B)
[1202/124841.614:ERROR:process_memory_win.cc(73)] ReadMemory at 0x7fff4fd04a50 of 512 bytes failed: Only part of a ReadProcessMemory or WriteProcessMemory request was completed. (0x12B)
[1202/124841.615:ERROR:process_memory_win.cc(73)] ReadMemory at 0x7fff519abda4 of 672 bytes failed: Only part of a ReadProcessMemory or WriteProcessMemory request was completed. (0x12B)
[1202/124841.615:ERROR:process_memory_win.cc(73)] ReadMemory at 0x7fff519ac3a4 of 512 bytes failed: Only part of a ReadProcessMemory or WriteProcessMemory request was completed. (0x12B)
[1202/124841.615:ERROR:process_memory_win.cc(73)] ReadMemory at 0x7fff519af714 of 608 bytes failed: Only part of a ReadProcessMemory or WriteProcessMemory request was completed. (0x12B)
[1202/124841.615:ERROR:process_memory_win.cc(73)] ReadMemory at 0x7fff51a409e0 of 18 bytes failed: Only part of a ReadProcessMemory or WriteProcessMemory request was completed. (0x12B)
[1202/124841.615:ERROR:process_memory_win.cc(73)] ReadMemory at 0x7fff51a754f8 of 40 bytes failed: Only part of a ReadProcessMemory or WriteProcessMemory request was completed. (0x12B)
[1202/124841.615:ERROR:process_memory_win.cc(73)] ReadMemory at 0x7fff51a75978 of 48 bytes failed: Only part of a ReadProcessMemory or WriteProcessMemory request was completed. (0x12B)
[1202/124841.615:ERROR:process_memory_win.cc(73)] ReadMemory at 0x7fff51a7b4c0 of 64 bytes failed: Only part of a ReadProcessMemory or WriteProcessMemory request was completed. (0x12B)
[1202/124841.617:ERROR:scoped_process_suspend.cc(40)] NtResumeProcess: An attempt was made to access an exiting process. (0xc000010a)
